<?xml version="1.0" encoding="utf-8"?><testsuites><testsuite name="pytest" errors="0" failures="0" skipped="0" tests="3" time="36.316" timestamp="2024-06-06T23:45:48.986886" hostname="LAPTOP-8CPHM2IR"><testcase classname="test_e2e.TestOne" name="test_e2e" time="19.892" /><testcase classname="test_home_page.TestHomePage" name="test_formSubmission[getData0]" time="10.833" /><testcase classname="test_home_page.TestHomePage" name="test_formSubmission[getData1]" time="5.396" /></testsuite></testsuites>